<?xml version="1.0" encoding="UTF-8"?>
<testng-results ignored="0" total="1" passed="1" failed="0" skipped="0">
  <reporter-output>
  </reporter-output>
  <suite started-at="2024-05-01T09:58:32 IST" name="Default suite" finished-at="2024-05-01T09:58:41 IST" duration-ms="9103">
    <groups>
    </groups>
    <test started-at="2024-05-01T09:58:32 IST" name="Default test" finished-at="2024-05-01T09:58:41 IST" duration-ms="9103">
      <class name="Norsuptestpkg.Norsuptest">
        <test-method is-config="true" signature="setup()[pri:0, instance:Norsuptestpkg.Norsuptest@6e6f2380]" started-at="2024-05-01T09:58:32 IST" name="setup" finished-at="2024-05-01T09:58:35 IST" duration-ms="3018" status="PASS">
          <reporter-output>
          </reporter-output>
        </test-method> <!-- setup -->
        <test-method signature="Norlogin()[pri:0, instance:Norsuptestpkg.Norsuptest@6e6f2380]" started-at="2024-05-01T09:58:35 IST" name="Norlogin" finished-at="2024-05-01T09:58:41 IST" duration-ms="6037" status="PASS">
          <reporter-output>
          </reporter-output>
        </test-method> <!-- Norlogin -->
      </class> <!-- Norsuptestpkg.Norsuptest -->
    </test> <!-- Default test -->
  </suite> <!-- Default suite -->
</testng-results>
